[03Dec2024 00:03:18.832] [Server thread/INFO] [net.minecraft.server.MinecraftServer/]: [Flaqued: Teleported Flaqued to 202.500000, 63.500000, 185.500000]
[03Dec2024 00:03:24.349] [Server thread/WARN] [net.minecraft.server.network.ServerGamePacketListenerImpl/]: ThunDer992 moved too quickly! -508.4113971227806,-9.0,-97.8218061738055
[03Dec2024 00:04:53.232] [Server thread/INFO] [net.minecraft.server.MinecraftServer/]: Gave 16 [Diamond] to Flaqued
[03Dec2024 00:07:14.641] [Server thread/INFO] [net.minecraft.server.MinecraftServer/]: [Flaqued: Teleported Flaqued to 700.500000, 74.500000, 253.500000]
[03Dec2024 00:08:44.191] [Server thread/INFO] [net.minecraft.server.MinecraftServer/]: [Flaqued: Teleported Flaqued to 202.500000, 64.500000, 196.500000]
[03Dec2024 00:10:29.695] [Server thread/INFO] [net.minecraft.server.MinecraftServer/]: [Flaqued: Teleported Flaqued to 705.500000, 73.500000, 258.500000]
[03Dec2024 00:11:58.591] [Server thread/INFO] [net.minecraft.server.MinecraftServer/]: ThunDer992 has made the advancement [Crops of the Wild]
[03Dec2024 00:15:49.663] [Server thread/ERROR] [placebo/]: Failed to locate any gear sets matching the following predicates: 
[03Dec2024 00:15:49.665] [Server thread/ERROR] [placebo/]: SetPredicate[#irons_spellbooks]
[03Dec2024 00:16:41.037] [Server thread/INFO] [net.minecraft.world.entity.LivingEntity/]: Named entity NecromancerEntity['Arthur the Magical'/14646, l='ServerLevel[world]', x=664.42, y=74.00, z=229.21] died: Arthur the Magical was slain by Flaqued
[03Dec2024 00:18:03.142] [Server thread/INFO] [net.minecraft.server.MinecraftServer/]: [Flaqued: Teleported Flaqued to 216.500000, 63.500000, 168.500000]
[03Dec2024 00:19:03.362] [Server thread/ERROR] [placebo/]: Failed to locate any gear sets matching the following predicates: 
[03Dec2024 00:19:03.363] [Server thread/ERROR] [placebo/]: SetPredicate[#irons_spellbooks]
[03Dec2024 00:19:33.503] [Server thread/INFO] [net.minecraft.server.network.ServerGamePacketListenerImpl/]: ThunDer992 lost connection: Disconnected
[03Dec2024 00:19:33.503] [Server thread/INFO] [net.minecraft.server.MinecraftServer/]: ThunDer992 left the game
[03Dec2024 00:19:33.504] [Server thread/INFO] [com.alrex.parcool.ParCool/]: Limitation of bee1da93-8f92-3de4-98f0-fb1d96b2b714 was unloaded
[03Dec2024 00:19:33.515] [Server thread/INFO] [net.minecraft.server.MinecraftServer/]: [Flaqued: Kicked ThunDer992: Kicked by an operator]
[03Dec2024 00:19:33.534] [Server thread/WARN] [net.minecraft.network.Connection/]: handleDisconnection() called twice
[03Dec2024 00:20:29.235] [Server thread/INFO] [net.minecraft.server.MinecraftServer/]: [Flaqued: Teleported Flaqued to 681.500000, 74.500000, 252.500000]
[03Dec2024 00:24:02.583] [Server thread/INFO] [net.minecraft.server.network.ServerLoginPacketListenerImpl/]: com.mojang.authlib.GameProfile@2f617b8d[id=<null>,name=ThunDer992,properties={},legacy=false] (/127.148.191.230:59647) lost connection: Disconnected
[03Dec2024 00:24:07.951] [Server thread/INFO] [net.minecraft.server.players.PlayerList/]: ThunDer992[/127.148.191.230:40277] logged in with entity id 16527 at (203.85514308445664, 63.0, 160.02470494173713)
[03Dec2024 00:24:08.013] [Server thread/INFO] [ModdingLegacy/blue_skies/]: Sending ToolHandleTypeManager to ThunDer992
[03Dec2024 00:24:08.014] [Server thread/INFO] [ModdingLegacy/blue_skies/]: Sending SnowcapOvenFreezingManager to ThunDer992
[03Dec2024 00:24:08.015] [Server thread/INFO] [ModdingLegacy/blue_skies/]: Sending HorizoniteForgeFuelManager to ThunDer992
[03Dec2024 00:24:08.015] [Server thread/INFO] [ModdingLegacy/blue_skies/]: Sending AlchemyRecipeManager to ThunDer992
[03Dec2024 00:24:08.017] [Server thread/INFO] [ModdingLegacy/blue_skies/]: Sending JournalEntryManager to ThunDer992
[03Dec2024 00:24:08.019] [Server thread/INFO] [ModdingLegacy/blue_skies/]: Sending JournalSectionManager to ThunDer992
[03Dec2024 00:24:08.019] [Server thread/INFO] [ModdingLegacy/blue_skies/]: Sending JournalRequirementManager to ThunDer992
[03Dec2024 00:24:08.083] [Server thread/INFO] [net.minecraft.server.MinecraftServer/]: ThunDer992 joined the game
[03Dec2024 00:24:08.179] [Server thread/INFO] [Jade/]: Syncing config to ThunDer992 (bee1da93-8f92-3de4-98f0-fb1d96b2b714)
[03Dec2024 00:24:08.181] [Server thread/INFO] [Enigmatic Legacy/INFO]: Synchronizing omniconfig files to ThunDer992...
[03Dec2024 00:24:08.182] [Server thread/INFO] [Enigmatic Legacy/INFO]: Sending data for enigmaticlegacy-common.omniconf
[03Dec2024 00:24:08.182] [Server thread/INFO] [Enigmatic Legacy/INFO]: Granting starter gear to ThunDer992
[03Dec2024 00:24:08.396] [Server thread/INFO] [com.alrex.parcool.ParCool/]: Limitation of bee1da93-8f92-3de4-98f0-fb1d96b2b714 was loaded
[03Dec2024 00:25:30.939] [Server thread/INFO] [net.minecraft.server.MinecraftServer/]: ThunDer992 has made the advancement [This Must be a Sign!]
[03Dec2024 00:26:10.433] [Server thread/INFO] [net.minecraftforge.coremod.CoreMod.apotheosis/COREMODLOG]: Replaced 1 calls to Enchantment#getMaxLevel() in com/mrcrayfish/goblintraders/Hooks
[03Dec2024 00:27:27.644] [Server thread/INFO] [net.minecraft.server.MinecraftServer/]: [Flaqued: Teleported ThunDer992 to Flaqued]
[03Dec2024 00:30:44.850] [Server thread/INFO] [net.minecraft.server.MinecraftServer/]: [Not Secure] <ThunDer992> z
[03Dec2024 00:30:44.942] [Server thread/INFO] [net.minecraft.server.MinecraftServer/]: [Not Secure] <ThunDer992> z
[03Dec2024 00:30:45.078] [Server thread/INFO] [net.minecraft.server.MinecraftServer/]: [Not Secure] <ThunDer992> z
[03Dec2024 00:30:45.181] [Server thread/INFO] [net.minecraft.server.MinecraftServer/]: [Not Secure] <ThunDer992> z
[03Dec2024 00:39:11.697] [Server thread/INFO] [net.minecraft.server.MinecraftServer/]: [Flaqued: Gave 1 [Sigil of Socketing] to Flaqued]
[03Dec2024 00:41:40.352] [Server thread/INFO] [net.minecraft.server.MinecraftServer/]: ThunDer992 has made the advancement [The Jeweler]
[03Dec2024 00:41:54.050] [Server thread/INFO] [net.minecraft.server.MinecraftServer/]: [Not Secure] <ThunDer992> z
[03Dec2024 00:41:54.178] [Server thread/INFO] [net.minecraft.server.MinecraftServer/]: [Not Secure] <ThunDer992> z
[03Dec2024 00:41:54.307] [Server thread/INFO] [net.minecraft.server.MinecraftServer/]: [Not Secure] <ThunDer992> z
[03Dec2024 00:41:54.477] [Server thread/INFO] [net.minecraft.server.MinecraftServer/]: [Not Secure] <ThunDer992> z
[03Dec2024 00:41:54.593] [Server thread/INFO] [net.minecraft.server.MinecraftServer/]: [Not Secure] <ThunDer992> z
[03Dec2024 00:44:28.351] [Server thread/INFO] [net.minecraft.server.MinecraftServer/]: [Flaqued: Gave 5 [Diamond Sword] to Flaqued]
[03Dec2024 00:47:14.753] [Server thread/INFO] [net.minecraft.server.MinecraftServer/]: [Flaqued: Gave 64 [Diamond] to Flaqued]
[03Dec2024 00:53:02.444] [Server thread/INFO] [net.minecraft.server.MinecraftServer/]: [Not Secure] <ThunDer992> z
[03Dec2024 00:53:02.580] [Server thread/INFO] [net.minecraft.server.MinecraftServer/]: [Not Secure] <ThunDer992> z
[03Dec2024 00:53:02.724] [Server thread/INFO] [net.minecraft.server.MinecraftServer/]: [Not Secure] <ThunDer992> z
[03Dec2024 00:55:54.398] [Worker-Main-85/WARN] [net.minecraft.world.level.levelgen.heightproviders.UniformHeight/]: Empty height range: [6 above bottom--1 absolute]
[03Dec2024 00:55:54.399] [Worker-Main-85/WARN] [net.minecraft.world.level.levelgen.heightproviders.UniformHeight/]: Empty height range: [6 above bottom--1 absolute]
[03Dec2024 00:55:54.401] [Worker-Main-85/WARN] [net.minecraft.world.level.levelgen.heightproviders.UniformHeight/]: Empty height range: [6 above bottom--1 absolute]
[03Dec2024 00:55:56.703] [Server thread/INFO] [net.minecraft.server.MinecraftServer/]: ThunDer992 has made the advancement [We Need to Go Deeper]
[03Dec2024 00:56:00.021] [Server thread/WARN] [net.minecraft.server.MinecraftServer/]: Can't keep up! Is the server overloaded? Running 7512ms or 150 ticks behind
[03Dec2024 00:56:04.063] [Server thread/INFO] [net.minecraft.server.MinecraftServer/]: Flaqued has made the advancement [We Need to Go Deeper]
[03Dec2024 00:56:17.348] [Server thread/INFO] [net.minecraft.server.MinecraftServer/]: Flaqued has made the advancement [Nightmare Fuel]
[03Dec2024 00:56:22.426] [Server thread/INFO] [net.minecraft.server.MinecraftServer/]: ThunDer992 has made the advancement [Nightmare Fuel]
[03Dec2024 00:57:10.047] [Server thread/WARN] [net.minecraft.server.level.ServerPlayerGameMode/]: Mismatch in destroy block pos: BlockPos{x=91, y=72, z=13} BlockPos{x=91, y=72, z=16}
[03Dec2024 00:57:11.297] [Server thread/INFO] [net.minecraft.server.MinecraftServer/]: Flaqued has made the advancement [The Soul Forge]
[03Dec2024 00:58:11.844] [Server thread/INFO] [net.minecraft.server.MinecraftServer/]: ThunDer992 has made the advancement [Ice Bucket Challenge]
[03Dec2024 00:58:14.791] [Server thread/INFO] [net.minecraft.server.MinecraftServer/]: Flaqued tried to swim in lava to escape Netherite Monstrosity
[03Dec2024 00:58:14.810] [Server thread/INFO] [tombstone/]: The player Flaqued has successfully been saved
[03Dec2024 00:58:16.023] [Server thread/WARN] [dev.gigaherz.toolbelt.slot.BeltExtensionSlot/]: New entity has data, contents assigned.
[03Dec2024 00:58:27.159] [Server thread/INFO] [net.minecraft.server.MinecraftServer/]: ThunDer992 has made the advancement [Who is Cutting Onions?]
[03Dec2024 00:59:36.900] [Server thread/INFO] [net.minecraft.server.MinecraftServer/]: [Flaqued: Teleported Flaqued to ThunDer992]
[03Dec2024 01:01:09.584] [Server thread/INFO] [net.minecraft.server.MinecraftServer/]: Flaqued was slain by Giddy Blaze
[03Dec2024 01:01:11.546] [Server thread/WARN] [dev.gigaherz.toolbelt.slot.BeltExtensionSlot/]: New entity has data, contents assigned.
[03Dec2024 01:01:20.589] [Server thread/INFO] [net.minecraft.server.MinecraftServer/]: Flaqued was slain by Giddy Blaze
[03Dec2024 01:01:20.597] [Server thread/INFO] [tombstone/]: The player Flaqued has successfully been saved
[03Dec2024 01:01:22.298] [Server thread/WARN] [dev.gigaherz.toolbelt.slot.BeltExtensionSlot/]: New entity has data, contents assigned.
[03Dec2024 01:02:11.957] [Server thread/INFO] [net.minecraft.server.MinecraftServer/]: [Flaqued: Teleported Flaqued to ThunDer992]
[03Dec2024 01:03:23.080] [Server thread/INFO] [net.minecraft.server.MinecraftServer/]: ThunDer992 has made the advancement [Into Fire]
[03Dec2024 01:04:36.189] [Server thread/INFO] [net.minecraft.server.MinecraftServer/]: [Flaqued: Teleported Flaqued to ThunDer992]
[03Dec2024 01:04:44.796] [Server thread/INFO] [net.minecraft.server.MinecraftServer/]: [Flaqued: Teleported ThunDer992 to Flaqued]
[03Dec2024 01:07:53.086] [Server thread/INFO] [net.minecraft.server.network.ServerGamePacketListenerImpl/]: ThunDer992 lost connection: Disconnected
[03Dec2024 01:07:53.087] [Server thread/INFO] [net.minecraft.server.MinecraftServer/]: ThunDer992 left the game
[03Dec2024 01:07:53.088] [Server thread/INFO] [com.alrex.parcool.ParCool/]: Limitation of bee1da93-8f92-3de4-98f0-fb1d96b2b714 was unloaded
[03Dec2024 01:10:19.333] [Server thread/INFO] [net.minecraft.world.entity.LivingEntity/]: Named entity WitherSkeleton['Sandy the Light'/30015, l='ServerLevel[world]', x=164.44, y=69.00, z=78.42] died: Sandy the Light was slain by Flaqued
[03Dec2024 01:10:44.032] [Server thread/INFO] [net.minecraft.server.MinecraftServer/]: Flaqued was slain by Zombified Piglin
[03Dec2024 01:10:44.034] [Server thread/WARN] [tombstone/]: The drop event of the player Flaqued was canceled by another mod
[03Dec2024 01:10:45.929] [Server thread/WARN] [dev.gigaherz.toolbelt.slot.BeltExtensionSlot/]: New entity has data, contents assigned.
[03Dec2024 01:11:09.033] [Server thread/INFO] [net.minecraft.server.MinecraftServer/]: [Flaqued: Set own game mode to Creative Mode]
[03Dec2024 01:13:26.907] [Server thread/INFO] [net.minecraft.world.entity.LivingEntity/]: Named entity ZombiePlayer['Flaqued'/31358, l='ServerLevel[world]', x=181.30, y=70.00, z=80.70] died: Flaqued's Zombie was slain by Flaqued
[03Dec2024 01:13:38.334] [Server thread/INFO] [net.minecraft.server.MinecraftServer/]: [Flaqued: Set own game mode to Survival Mode]
[03Dec2024 01:14:52.529] [Server thread/INFO] [net.minecraft.server.MinecraftServer/]: [Flaqued: Set own game mode to Creative Mode]
[03Dec2024 01:16:01.357] [Server thread/INFO] [net.minecraft.server.MinecraftServer/]: [Flaqued: Set own game mode to Survival Mode]
[03Dec2024 01:16:20.249] [Server thread/INFO] [net.minecraft.server.MinecraftServer/]: [Flaqued: Applied enchantment Sharpness IV to Flaqued's item]
[03Dec2024 01:17:05.953] [Server thread/INFO] [net.minecraft.server.MinecraftServer/]: [Flaqued: Set own game mode to Creative Mode]
[03Dec2024 01:18:43.734] [Server thread/INFO] [net.minecraft.server.MinecraftServer/]: [Flaqued: Set own game mode to Survival Mode]
[03Dec2024 01:20:51.873] [Server thread/INFO] [net.minecraft.server.MinecraftServer/]: Flaqued was slain by Nether Wastes Enderman
[03Dec2024 01:20:56.338] [Server thread/WARN] [dev.gigaherz.toolbelt.slot.BeltExtensionSlot/]: New entity has data, contents assigned.
[03Dec2024 01:23:24.487] [Server thread/INFO] [net.minecraft.server.network.ServerLoginPacketListenerImpl/]: com.mojang.authlib.GameProfile@7d84a50a[id=<null>,name=ThunDer992,properties={},legacy=false] (/127.148.191.230:56845) lost connection: Disconnected
[03Dec2024 01:23:31.393] [Server thread/INFO] [net.minecraft.server.players.PlayerList/]: ThunDer992[/127.148.191.230:34839] logged in with entity id 35517 at (174.8097024574332, 78.0, 35.870071371345944)
[03Dec2024 01:23:31.478] [Server thread/INFO] [ModdingLegacy/blue_skies/]: Sending ToolHandleTypeManager to ThunDer992
[03Dec2024 01:23:31.479] [Server thread/INFO] [ModdingLegacy/blue_skies/]: Sending SnowcapOvenFreezingManager to ThunDer992
[03Dec2024 01:23:31.480] [Server thread/INFO] [ModdingLegacy/blue_skies/]: Sending HorizoniteForgeFuelManager to ThunDer992
[03Dec2024 01:23:31.480] [Server thread/INFO] [ModdingLegacy/blue_skies/]: Sending AlchemyRecipeManager to ThunDer992
[03Dec2024 01:23:31.482] [Server thread/INFO] [ModdingLegacy/blue_skies/]: Sending JournalEntryManager to ThunDer992
[03Dec2024 01:23:31.485] [Server thread/INFO] [ModdingLegacy/blue_skies/]: Sending JournalSectionManager to ThunDer992
[03Dec2024 01:23:31.486] [Server thread/INFO] [ModdingLegacy/blue_skies/]: Sending JournalRequirementManager to ThunDer992
[03Dec2024 01:23:31.544] [Server thread/INFO] [net.minecraft.server.MinecraftServer/]: ThunDer992 joined the game
[03Dec2024 01:23:31.642] [Server thread/INFO] [Jade/]: Syncing config to ThunDer992 (bee1da93-8f92-3de4-98f0-fb1d96b2b714)
[03Dec2024 01:23:31.644] [Server thread/INFO] [Enigmatic Legacy/INFO]: Synchronizing omniconfig files to ThunDer992...
[03Dec2024 01:23:31.644] [Server thread/INFO] [Enigmatic Legacy/INFO]: Sending data for enigmaticlegacy-common.omniconf
[03Dec2024 01:23:31.645] [Server thread/INFO] [Enigmatic Legacy/INFO]: Granting starter gear to ThunDer992
[03Dec2024 01:23:31.866] [Server thread/INFO] [com.alrex.parcool.ParCool/]: Limitation of bee1da93-8f92-3de4-98f0-fb1d96b2b714 was loaded
[03Dec2024 01:23:43.346] [Server thread/INFO] [net.minecraft.server.MinecraftServer/]: [Flaqued: Teleported Flaqued to 114.500000, 56.500000, 30.500000]
[03Dec2024 01:25:13.114] [Server thread/INFO] [net.minecraft.server.MinecraftServer/]: ThunDer992 was slain by Hoglin
[03Dec2024 01:25:14.263] [Server thread/WARN] [dev.gigaherz.toolbelt.slot.BeltExtensionSlot/]: New entity has data, contents assigned.
[03Dec2024 01:25:35.506] [Server thread/INFO] [net.minecraft.world.entity.LivingEntity/]: Named entity Stray['Saul the Errant'/37371, l='ServerLevel[world]', x=675.01, y=73.85, z=241.61] died: Saul the Errant was slain by Flaqued
[03Dec2024 01:26:08.346] [Server thread/INFO] [net.minecraft.server.network.ServerGamePacketListenerImpl/]: ThunDer992 lost connection: Disconnected
[03Dec2024 01:26:08.346] [Server thread/INFO] [net.minecraft.server.MinecraftServer/]: ThunDer992 left the game
[03Dec2024 01:26:08.347] [Server thread/INFO] [com.alrex.parcool.ParCool/]: Limitation of bee1da93-8f92-3de4-98f0-fb1d96b2b714 was unloaded
[03Dec2024 01:31:06.322] [Server thread/INFO] [net.minecraft.server.players.PlayerList/]: ThunDer992[/127.148.191.230:44635] logged in with entity id 38643 at (164.15268767399567, 69.0, 39.28341380984192)
[03Dec2024 01:31:06.413] [Server thread/INFO] [ModdingLegacy/blue_skies/]: Sending ToolHandleTypeManager to ThunDer992
[03Dec2024 01:31:06.414] [Server thread/INFO] [ModdingLegacy/blue_skies/]: Sending SnowcapOvenFreezingManager to ThunDer992
[03Dec2024 01:31:06.414] [Server thread/INFO] [ModdingLegacy/blue_skies/]: Sending HorizoniteForgeFuelManager to ThunDer992
[03Dec2024 01:31:06.414] [Server thread/INFO] [ModdingLegacy/blue_skies/]: Sending AlchemyRecipeManager to ThunDer992
[03Dec2024 01:31:06.416] [Server thread/INFO] [ModdingLegacy/blue_skies/]: Sending JournalEntryManager to ThunDer992
[03Dec2024 01:31:06.418] [Server thread/INFO] [ModdingLegacy/blue_skies/]: Sending JournalSectionManager to ThunDer992
[03Dec2024 01:31:06.418] [Server thread/INFO] [ModdingLegacy/blue_skies/]: Sending JournalRequirementManager to ThunDer992
[03Dec2024 01:31:06.520] [Server thread/INFO] [net.minecraft.server.MinecraftServer/]: ThunDer992 joined the game
[03Dec2024 01:31:06.580] [Server thread/INFO] [Jade/]: Syncing config to ThunDer992 (bee1da93-8f92-3de4-98f0-fb1d96b2b714)
[03Dec2024 01:31:06.587] [Server thread/INFO] [Enigmatic Legacy/INFO]: Synchronizing omniconfig files to ThunDer992...
[03Dec2024 01:31:06.587] [Server thread/INFO] [Enigmatic Legacy/INFO]: Sending data for enigmaticlegacy-common.omniconf
[03Dec2024 01:31:06.588] [Server thread/INFO] [Enigmatic Legacy/INFO]: Granting starter gear to ThunDer992
[03Dec2024 01:31:06.891] [Server thread/INFO] [com.alrex.parcool.ParCool/]: Limitation of bee1da93-8f92-3de4-98f0-fb1d96b2b714 was loaded
[03Dec2024 01:31:13.726] [Server thread/WARN] [net.minecraft.server.MinecraftServer/]: Can't keep up! Is the server overloaded? Running 2067ms or 41 ticks behind
[03Dec2024 01:31:36.158] [Server thread/INFO] [net.minecraft.server.MinecraftServer/]: ThunDer992 was slain by Hoglin
[03Dec2024 01:31:36.197] [Server thread/INFO] [tombstone/]: The player ThunDer992 has successfully been saved
[03Dec2024 01:31:37.548] [Server thread/WARN] [dev.gigaherz.toolbelt.slot.BeltExtensionSlot/]: New entity has data, contents assigned.
[03Dec2024 01:31:40.191] [Server thread/WARN] [net.minecraft.server.MinecraftServer/]: Can't keep up! Is the server overloaded? Running 11482ms or 229 ticks behind
[03Dec2024 01:32:01.874] [Server thread/WARN] [net.minecraft.server.MinecraftServer/]: Can't keep up! Is the server overloaded? Running 6716ms or 134 ticks behind
[03Dec2024 01:32:10.466] [Server thread/INFO] [hordes/]: Failed loading table minecraft:10, loading fallback table hordes:fallback
[03Dec2024 01:32:10.472] [Server thread/INFO] [hordes/]: Applying script hordes:default for event net.smileycorp.hordes.common.event.HordeBuildSpawnDataEvent@278a3ade
[03Dec2024 01:32:10.474] [Server thread/INFO] [hordes/]: Adding entry HordeSpawnEntry[type=entity.minecraft.zombie,weight=35,minDay=0,maxDay=20] to hordespawn on day 20
[03Dec2024 01:32:10.475] [Server thread/INFO] [hordes/]: Adding entry HordeSpawnEntry[type=entity.minecraft.zombie_villager,weight=1,minDay=0,maxDay=20] to hordespawn on day 20
[03Dec2024 01:32:10.475] [Server thread/INFO] [hordes/]: Adding entry HordeSpawnEntry[type=entity.minecraft.zombie_horse,weight=3,minDay=20,maxDay=40] to hordespawn on day 20
[03Dec2024 01:32:10.476] [Server thread/INFO] [hordes/]: Adding entry HordeSpawnEntry[type=entity.minecraft.husk,weight=40,minDay=20,maxDay=40] to hordespawn on day 20
[03Dec2024 01:32:26.528] [Server thread/WARN] [net.minecraft.server.MinecraftServer/]: Can't keep up! Is the server overloaded? Running 9670ms or 193 ticks behind
[03Dec2024 01:32:27.717] [Server thread/INFO] [net.minecraft.server.MinecraftServer/]: ThunDer992 was slain by Hoglin
[03Dec2024 01:32:28.933] [Server thread/WARN] [dev.gigaherz.toolbelt.slot.BeltExtensionSlot/]: New entity has data, contents assigned.
[03Dec2024 01:32:45.775] [Server thread/INFO] [hordes/]: Failed loading table minecraft:100, loading fallback table hordes:fallback
[03Dec2024 01:32:45.776] [Server thread/INFO] [hordes/]: Applying script hordes:default for event net.smileycorp.hordes.common.event.HordeBuildSpawnDataEvent@1689adca
[03Dec2024 01:32:45.776] [Server thread/INFO] [hordes/]: Adding entry HordeSpawnEntry[type=entity.minecraft.zombie_horse,weight=3,minDay=20,maxDay=40] to hordespawn on day 28
[03Dec2024 01:32:45.777] [Server thread/INFO] [hordes/]: Adding entry HordeSpawnEntry[type=entity.minecraft.husk,weight=40,minDay=20,maxDay=40] to hordespawn on day 28
[03Dec2024 01:32:48.235] [Server thread/WARN] [net.minecraft.server.MinecraftServer/]: Can't keep up! Is the server overloaded? Running 6726ms or 134 ticks behind
[03Dec2024 01:33:09.319] [Server thread/INFO] [hordes/]: Adding entry HordeSpawnEntry[type=entity.minecraft.zombie_horse,weight=3,minDay=20,maxDay=40] to hordespawn on day 28
[03Dec2024 01:33:09.323] [Server thread/INFO] [hordes/]: Adding entry HordeSpawnEntry[type=entity.minecraft.husk,weight=40,minDay=20,maxDay=40] to hordespawn on day 28
[03Dec2024 01:33:41.885] [Server thread/INFO] [hordes/]: Adding entry HordeSpawnEntry[type=entity.minecraft.zombie_horse,weight=3,minDay=20,maxDay=40] to hordespawn on day 28
[03Dec2024 01:33:41.889] [Server thread/INFO] [hordes/]: Adding entry HordeSpawnEntry[type=entity.minecraft.husk,weight=40,minDay=20,maxDay=40] to hordespawn on day 28
[03Dec2024 01:33:41.969] [Server thread/INFO] [hordes/]: Adding entry HordeSpawnEntry[type=entity.minecraft.zombie_horse,weight=3,minDay=20,maxDay=40] to hordespawn on day 28
[03Dec2024 01:33:41.970] [Server thread/INFO] [hordes/]: Adding entry HordeSpawnEntry[type=entity.minecraft.husk,weight=40,minDay=20,maxDay=40] to hordespawn on day 28
[03Dec2024 01:34:00.140] [Server thread/INFO] [net.minecraft.server.MinecraftServer/]: [Flaqued: Removed effect Infection from ThunDer992]
[03Dec2024 01:34:31.683] [Server thread/INFO] [hordes/]: Adding entry HordeSpawnEntry[type=entity.minecraft.zombie_horse,weight=3,minDay=20,maxDay=40] to hordespawn on day 28
[03Dec2024 01:34:31.683] [Server thread/INFO] [hordes/]: Adding entry HordeSpawnEntry[type=entity.minecraft.husk,weight=40,minDay=20,maxDay=40] to hordespawn on day 28
[03Dec2024 01:34:49.951] [Server thread/INFO] [net.minecraft.server.MinecraftServer/]: [Flaqued: Removed effect Infection from ThunDer992]
[03Dec2024 01:34:58.939] [Server thread/INFO] [net.minecraft.server.MinecraftServer/]: [Flaqued: Removed effect Infection from Flaqued]
[03Dec2024 01:35:21.677] [Server thread/INFO] [hordes/]: Adding entry HordeSpawnEntry[type=entity.minecraft.zombie_horse,weight=3,minDay=20,maxDay=40] to hordespawn on day 28
[03Dec2024 01:35:21.677] [Server thread/INFO] [hordes/]: Adding entry HordeSpawnEntry[type=entity.minecraft.husk,weight=40,minDay=20,maxDay=40] to hordespawn on day 28
[03Dec2024 01:35:47.494] [Server thread/INFO] [net.minecraft.server.MinecraftServer/]: [Flaqued: Removed effect Infection from Flaqued]
[03Dec2024 01:35:48.986] [Server thread/INFO] [net.minecraft.server.MinecraftServer/]: [Flaqued: Removed effect Infection from ThunDer992]
[03Dec2024 01:36:09.851] [Server thread/INFO] [net.minecraft.server.MinecraftServer/]: [Flaqued: Removed effect Infection from Flaqued]
[03Dec2024 01:36:11.685] [Server thread/INFO] [hordes/]: Adding entry HordeSpawnEntry[type=entity.minecraft.zombie_horse,weight=3,minDay=20,maxDay=40] to hordespawn on day 28
[03Dec2024 01:36:11.685] [Server thread/INFO] [hordes/]: Adding entry HordeSpawnEntry[type=entity.minecraft.husk,weight=40,minDay=20,maxDay=40] to hordespawn on day 28
[03Dec2024 01:36:16.933] [Server thread/INFO] [net.minecraft.server.MinecraftServer/]: [Flaqued: Removed effect Infection from Flaqued]
[03Dec2024 01:36:30.484] [Server thread/INFO] [net.minecraft.server.network.ServerGamePacketListenerImpl/]: ThunDer992 lost connection: Disconnected
[03Dec2024 01:36:30.484] [Server thread/INFO] [net.minecraft.server.MinecraftServer/]: ThunDer992 left the game
[03Dec2024 01:36:30.484] [Server thread/INFO] [com.alrex.parcool.ParCool/]: Limitation of bee1da93-8f92-3de4-98f0-fb1d96b2b714 was unloaded
[03Dec2024 01:36:33.546] [Server thread/INFO] [net.minecraft.server.MinecraftServer/]: [Flaqued: Removed effect Infection from Flaqued]
[03Dec2024 01:37:01.690] [Server thread/INFO] [hordes/]: Adding entry HordeSpawnEntry[type=entity.minecraft.zombie_horse,weight=3,minDay=20,maxDay=40] to hordespawn on day 28
[03Dec2024 01:37:01.691] [Server thread/INFO] [hordes/]: Adding entry HordeSpawnEntry[type=entity.minecraft.husk,weight=40,minDay=20,maxDay=40] to hordespawn on day 28
[03Dec2024 01:37:08.213] [Server thread/INFO] [net.minecraft.server.players.PlayerList/]: ThunDer992[/127.148.191.230:53195] logged in with entity id 41771 at (684.086061084397, 75.0, 223.48440378338734)
[03Dec2024 01:37:08.286] [Server thread/INFO] [ModdingLegacy/blue_skies/]: Sending ToolHandleTypeManager to ThunDer992
[03Dec2024 01:37:08.287] [Server thread/INFO] [ModdingLegacy/blue_skies/]: Sending SnowcapOvenFreezingManager to ThunDer992
[03Dec2024 01:37:08.287] [Server thread/INFO] [ModdingLegacy/blue_skies/]: Sending HorizoniteForgeFuelManager to ThunDer992
[03Dec2024 01:37:08.288] [Server thread/INFO] [ModdingLegacy/blue_skies/]: Sending AlchemyRecipeManager to ThunDer992
[03Dec2024 01:37:08.298] [Server thread/INFO] [ModdingLegacy/blue_skies/]: Sending JournalEntryManager to ThunDer992
[03Dec2024 01:37:08.301] [Server thread/INFO] [ModdingLegacy/blue_skies/]: Sending JournalSectionManager to ThunDer992
[03Dec2024 01:37:08.301] [Server thread/INFO] [ModdingLegacy/blue_skies/]: Sending JournalRequirementManager to ThunDer992
[03Dec2024 01:37:08.344] [Server thread/INFO] [net.minecraft.server.MinecraftServer/]: ThunDer992 joined the game
[03Dec2024 01:37:08.475] [Server thread/INFO] [Jade/]: Syncing config to ThunDer992 (bee1da93-8f92-3de4-98f0-fb1d96b2b714)
[03Dec2024 01:37:08.477] [Server thread/INFO] [Enigmatic Legacy/INFO]: Synchronizing omniconfig files to ThunDer992...
[03Dec2024 01:37:08.477] [Server thread/INFO] [Enigmatic Legacy/INFO]: Sending data for enigmaticlegacy-common.omniconf
[03Dec2024 01:37:08.478] [Server thread/INFO] [Enigmatic Legacy/INFO]: Granting starter gear to ThunDer992
[03Dec2024 01:37:08.644] [Server thread/INFO] [com.alrex.parcool.ParCool/]: Limitation of bee1da93-8f92-3de4-98f0-fb1d96b2b714 was loaded
[03Dec2024 01:37:51.680] [Server thread/INFO] [hordes/]: Adding entry HordeSpawnEntry[type=entity.minecraft.zombie_horse,weight=3,minDay=20,maxDay=40] to hordespawn on day 28
[03Dec2024 01:37:51.681] [Server thread/INFO] [hordes/]: Adding entry HordeSpawnEntry[type=entity.minecraft.husk,weight=40,minDay=20,maxDay=40] to hordespawn on day 28
[03Dec2024 01:38:41.684] [Server thread/INFO] [hordes/]: Adding entry HordeSpawnEntry[type=entity.minecraft.zombie_horse,weight=3,minDay=20,maxDay=40] to hordespawn on day 28
[03Dec2024 01:38:41.684] [Server thread/INFO] [hordes/]: Adding entry HordeSpawnEntry[type=entity.minecraft.husk,weight=40,minDay=20,maxDay=40] to hordespawn on day 28
[03Dec2024 01:39:31.673] [Server thread/INFO] [hordes/]: Adding entry HordeSpawnEntry[type=entity.minecraft.zombie_horse,weight=3,minDay=20,maxDay=40] to hordespawn on day 28
[03Dec2024 01:39:31.674] [Server thread/INFO] [hordes/]: Adding entry HordeSpawnEntry[type=entity.minecraft.husk,weight=40,minDay=20,maxDay=40] to hordespawn on day 28
[03Dec2024 01:39:36.535] [Server thread/INFO] [net.minecraft.server.MinecraftServer/]: [Flaqued: Removed effect Infection from Flaqued]
[03Dec2024 01:39:37.351] [Server thread/INFO] [net.minecraft.server.MinecraftServer/]: [Flaqued: Removed effect Infection from ThunDer992]
[03Dec2024 01:40:18.552] [Server thread/INFO] [net.minecraft.server.MinecraftServer/]: [Flaqued: Removed effect Infection from ThunDer992]
[03Dec2024 01:40:19.339] [Server thread/INFO] [net.minecraft.server.MinecraftServer/]: [Flaqued: Removed effect Infection from Flaqued]
[03Dec2024 01:40:21.675] [Server thread/INFO] [hordes/]: Adding entry HordeSpawnEntry[type=entity.minecraft.zombie_horse,weight=3,minDay=20,maxDay=40] to hordespawn on day 28
[03Dec2024 01:40:21.676] [Server thread/INFO] [hordes/]: Adding entry HordeSpawnEntry[type=entity.minecraft.husk,weight=40,minDay=20,maxDay=40] to hordespawn on day 28
[03Dec2024 01:40:51.629] [Server thread/INFO] [net.minecraft.server.MinecraftServer/]: [Flaqued: Removed effect Infection from Flaqued]
[03Dec2024 01:41:11.677] [Server thread/INFO] [hordes/]: Adding entry HordeSpawnEntry[type=entity.minecraft.zombie_horse,weight=3,minDay=20,maxDay=40] to hordespawn on day 28
[03Dec2024 01:41:11.677] [Server thread/INFO] [hordes/]: Adding entry HordeSpawnEntry[type=entity.minecraft.husk,weight=40,minDay=20,maxDay=40] to hordespawn on day 28
[03Dec2024 01:41:38.913] [Server thread/ERROR] [placebo/]: Failed to locate any gear sets matching the following predicates: 
[03Dec2024 01:41:38.913] [Server thread/ERROR] [placebo/]: SetPredicate[#irons_spellbooks]
[03Dec2024 01:42:01.678] [Server thread/INFO] [hordes/]: Adding entry HordeSpawnEntry[type=entity.minecraft.zombie_horse,weight=3,minDay=20,maxDay=40] to hordespawn on day 28
[03Dec2024 01:42:01.678] [Server thread/INFO] [hordes/]: Adding entry HordeSpawnEntry[type=entity.minecraft.husk,weight=40,minDay=20,maxDay=40] to hordespawn on day 28
[03Dec2024 01:42:08.638] [Server thread/INFO] [net.minecraft.world.entity.LivingEntity/]: Named entity NecromancerEntity['Father Fernando the Sage'/43389, l='ServerLevel[world]', x=711.12, y=74.49, z=288.88] died: Father Fernando the Sage was slain by ThunDer992
[03Dec2024 01:42:40.031] [Server thread/INFO] [net.minecraft.server.MinecraftServer/]: ThunDer992 has completed the challenge [He Wasn't So Strong]
[03Dec2024 01:42:51.679] [Server thread/INFO] [hordes/]: Adding entry HordeSpawnEntry[type=entity.minecraft.zombie_horse,weight=3,minDay=20,maxDay=40] to hordespawn on day 28
[03Dec2024 01:42:51.680] [Server thread/INFO] [hordes/]: Adding entry HordeSpawnEntry[type=entity.minecraft.husk,weight=40,minDay=20,maxDay=40] to hordespawn on day 28
[03Dec2024 01:43:41.683] [Server thread/INFO] [hordes/]: Adding entry HordeSpawnEntry[type=entity.minecraft.zombie_horse,weight=3,minDay=20,maxDay=40] to hordespawn on day 28
[03Dec2024 01:43:41.684] [Server thread/INFO] [hordes/]: Adding entry HordeSpawnEntry[type=entity.minecraft.husk,weight=40,minDay=20,maxDay=40] to hordespawn on day 28
[03Dec2024 01:44:31.677] [Server thread/INFO] [hordes/]: Adding entry HordeSpawnEntry[type=entity.minecraft.zombie_horse,weight=3,minDay=20,maxDay=40] to hordespawn on day 28
[03Dec2024 01:44:31.678] [Server thread/INFO] [hordes/]: Adding entry HordeSpawnEntry[type=entity.minecraft.husk,weight=40,minDay=20,maxDay=40] to hordespawn on day 28
[03Dec2024 01:44:51.130] [Server thread/INFO] [net.minecraft.server.MinecraftServer/]: ThunDer992 has reached the goal [Great minds think alike]
[03Dec2024 01:45:21.676] [Server thread/INFO] [hordes/]: Adding entry HordeSpawnEntry[type=entity.minecraft.zombie_horse,weight=3,minDay=20,maxDay=40] to hordespawn on day 28
[03Dec2024 01:45:21.676] [Server thread/INFO] [hordes/]: Adding entry HordeSpawnEntry[type=entity.minecraft.husk,weight=40,minDay=20,maxDay=40] to hordespawn on day 28
[03Dec2024 01:46:01.988] [Server thread/INFO] [net.minecraft.server.MinecraftServer/]: [Flaqued: Removed effect Infection from ThunDer992]
[03Dec2024 01:46:04.440] [Server thread/INFO] [net.minecraft.server.MinecraftServer/]: [Flaqued: Removed effect Infection from Flaqued]
[03Dec2024 01:46:11.680] [Server thread/INFO] [hordes/]: Adding entry HordeSpawnEntry[type=entity.minecraft.zombie_horse,weight=3,minDay=20,maxDay=40] to hordespawn on day 28
[03Dec2024 01:46:11.681] [Server thread/INFO] [hordes/]: Adding entry HordeSpawnEntry[type=entity.minecraft.husk,weight=40,minDay=20,maxDay=40] to hordespawn on day 28
[03Dec2024 01:46:53.632] [Server thread/INFO] [net.minecraft.server.MinecraftServer/]: [Flaqued: Removed effect Infection from ThunDer992]
[03Dec2024 01:47:01.685] [Server thread/INFO] [hordes/]: Adding entry HordeSpawnEntry[type=entity.minecraft.zombie_horse,weight=3,minDay=20,maxDay=40] to hordespawn on day 28
[03Dec2024 01:47:01.685] [Server thread/INFO] [hordes/]: Adding entry HordeSpawnEntry[type=entity.minecraft.husk,weight=40,minDay=20,maxDay=40] to hordespawn on day 28
[03Dec2024 01:47:51.685] [Server thread/INFO] [hordes/]: Adding entry HordeSpawnEntry[type=entity.minecraft.zombie_horse,weight=3,minDay=20,maxDay=40] to hordespawn on day 28
[03Dec2024 01:47:51.686] [Server thread/INFO] [hordes/]: Adding entry HordeSpawnEntry[type=entity.minecraft.husk,weight=40,minDay=20,maxDay=40] to hordespawn on day 28
[03Dec2024 01:48:34.206] [Server thread/INFO] [net.minecraft.server.MinecraftServer/]: [Flaqued: Removed effect Infection from ThunDer992]
[03Dec2024 01:48:35.286] [Server thread/INFO] [net.minecraft.server.MinecraftServer/]: [Flaqued: Removed effect Infection from Flaqued]
[03Dec2024 01:48:41.679] [Server thread/INFO] [hordes/]: Adding entry HordeSpawnEntry[type=entity.minecraft.zombie_horse,weight=3,minDay=20,maxDay=40] to hordespawn on day 28
[03Dec2024 01:48:41.679] [Server thread/INFO] [hordes/]: Adding entry HordeSpawnEntry[type=entity.minecraft.husk,weight=40,minDay=20,maxDay=40] to hordespawn on day 28
